<?xml version="1.0" encoding="UTF-8"?>
<!-- Generated by org.testng.reporters.JUnitReportReporter -->
<testsuite hostname="WIN-JAQPS1QFQGF" failures="0" tests="1" name="testng.NewTest" time="0.014" errors="0" timestamp="2024-07-04T18:46:47 EDT" skipped="0">
  <testcase classname="testng.NewTest" name="test1" time="0.014"/>
  <system-out/>
</testsuite> <!-- testng.NewTest -->
