<?xml version="1.0" encoding="UTF-8"?>
<!-- Generated by org.testng.reporters.JUnitReportReporter -->
<testsuite hostname="WIN-JAQPS1QFQGF" failures="0" tests="1" name="testng.NewTest2" time="0.007" errors="0" timestamp="2024-07-04T23:02:36 EDT" skipped="0">
  <testcase classname="testng.NewTest2" name="test2" time="0.007"/>
  <system-out/>
</testsuite> <!-- testng.NewTest2 -->
